0 verbose cli /opt/homebrew/Cellar/node@22/22.22.0/bin/node /opt/homebrew/bin/npm
1 info using npm@10.9.4
2 info using node@v22.22.0
3 silly config load:file:/opt/homebrew/Cellar/node@22/22.22.0/lib/node_modules/npm/npmrc
4 silly config load:file:/Users/kalibabupragada/lifeshield-backend/.npmrc
5 silly config load:file:/Users/kalibabupragada/.npmrc
6 silly config load:file:/opt/homebrew/etc/npmrc
7 verbose title npm run dev
8 verbose argv "run" "dev"
9 verbose logfile logs-max:10 dir:/Users/kalibabupragada/lifeshield-backend/.npm-cache/_logs/2026-02-21T10_56_43_238Z-
10 verbose logfile /Users/kalibabupragada/lifeshield-backend/.npm-cache/_logs/2026-02-21T10_56_43_238Z-debug-0.log
11 silly logfile done cleaning log files
12 verbose stack Error: Could not read package.json: Error: ENOENT: no such file or directory, open '/Users/kalibabupragada/lifeshield-backend/package.json'
12 verbose stack     at async open (node:internal/fs/promises:636:25)
12 verbose stack     at async readFile (node:internal/fs/promises:1235:14)
12 verbose stack     at async read (/opt/homebrew/Cellar/node@22/22.22.0/lib/node_modules/npm/node_modules/@npmcli/package-json/lib/read-package.js:9:18)
12 verbose stack     at async PackageJson.load (/opt/homebrew/Cellar/node@22/22.22.0/lib/node_modules/npm/node_modules/@npmcli/package-json/lib/index.js:132:31)
12 verbose stack     at async PackageJson.normalize (/opt/homebrew/Cellar/node@22/22.22.0/lib/node_modules/npm/node_modules/@npmcli/package-json/lib/index.js:118:5)
12 verbose stack     at async #run (/opt/homebrew/Cellar/node@22/22.22.0/lib/node_modules/npm/lib/commands/run-script.js:86:13)
12 verbose stack     at async RunScript.exec (/opt/homebrew/Cellar/node@22/22.22.0/lib/node_modules/npm/lib/commands/run-script.js:40:7)
12 verbose stack     at async Npm.exec (/opt/homebrew/Cellar/node@22/22.22.0/lib/node_modules/npm/lib/npm.js:207:9)
12 verbose stack     at async module.exports (/opt/homebrew/Cellar/node@22/22.22.0/lib/node_modules/npm/lib/cli/entry.js:74:5)
13 error code ENOENT
14 error syscall open
15 error path /Users/kalibabupragada/lifeshield-backend/package.json
16 error errno -2
17 error enoent Could not read package.json: Error: ENOENT: no such file or directory, open '/Users/kalibabupragada/lifeshield-backend/package.json'
18 error enoent This is related to npm not being able to find a file.
18 error enoent
19 verbose cwd /Users/kalibabupragada/lifeshield-backend
20 verbose os Darwin 25.2.0
21 verbose node v22.22.0
22 verbose npm  v10.9.4
23 verbose exit -2
24 verbose code -2
25 error A complete log of this run can be found in: /Users/kalibabupragada/lifeshield-backend/.npm-cache/_logs/2026-02-21T10_56_43_238Z-debug-0.log
